<?xml version="1.0" encoding="UTF-8"?>
<testsuite xmlns:xsi="http://www.w3.org/2001/XMLSchema-instance" xsi:noNamespaceSchemaLocation="https://maven.apache.org/surefire/maven-surefire-plugin/xsd/surefire-test-report-3.0.xsd" version="3.0" name="Validate that a swap of USDT to BTC is executed successfully, with real-time rates displayed before confirmation" time="47.249" tests="1" errors="0" skipped="0" failures="1">
  <properties>
    <property name="java.specification.version" value="17"/>
    <property name="sun.jnu.encoding" value="UTF-8"/>
    <property name="java.class.path" value="/home/livde/IdeaProjects/Bilira/target/test-classes:/home/livde/IdeaProjects/Bilira/target/classes:/home/livde/.m2/repository/org/seleniumhq/selenium/selenium-java/4.27.0/selenium-java-4.27.0.jar:/home/livde/.m2/repository/org/seleniumhq/selenium/selenium-api/4.27.0/selenium-api-4.27.0.jar:/home/livde/.m2/repository/org/jspecify/jspecify/1.0.0/jspecify-1.0.0.jar:/home/livde/.m2/repository/org/seleniumhq/selenium/selenium-chrome-driver/4.27.0/selenium-chrome-driver-4.27.0.jar:/home/livde/.m2/repository/org/seleniumhq/selenium/selenium-chromium-driver/4.27.0/selenium-chromium-driver-4.27.0.jar:/home/livde/.m2/repository/org/seleniumhq/selenium/selenium-manager/4.27.0/selenium-manager-4.27.0.jar:/home/livde/.m2/repository/org/seleniumhq/selenium/selenium-devtools-v129/4.27.0/selenium-devtools-v129-4.27.0.jar:/home/livde/.m2/repository/org/seleniumhq/selenium/selenium-devtools-v131/4.27.0/selenium-devtools-v131-4.27.0.jar:/home/livde/.m2/repository/org/seleniumhq/selenium/selenium-devtools-v85/4.27.0/selenium-devtools-v85-4.27.0.jar:/home/livde/.m2/repository/org/seleniumhq/selenium/selenium-edge-driver/4.27.0/selenium-edge-driver-4.27.0.jar:/home/livde/.m2/repository/org/seleniumhq/selenium/selenium-firefox-driver/4.27.0/selenium-firefox-driver-4.27.0.jar:/home/livde/.m2/repository/org/seleniumhq/selenium/selenium-http/4.27.0/selenium-http-4.27.0.jar:/home/livde/.m2/repository/dev/failsafe/failsafe/3.3.2/failsafe-3.3.2.jar:/home/livde/.m2/repository/org/seleniumhq/selenium/selenium-ie-driver/4.27.0/selenium-ie-driver-4.27.0.jar:/home/livde/.m2/repository/org/seleniumhq/selenium/selenium-remote-driver/4.27.0/selenium-remote-driver-4.27.0.jar:/home/livde/.m2/repository/io/opentelemetry/semconv/opentelemetry-semconv/1.25.0-alpha/opentelemetry-semconv-1.25.0-alpha.jar:/home/livde/.m2/repository/io/opentelemetry/opentelemetry-api/1.44.1/opentelemetry-api-1.44.1.jar:/home/livde/.m2/repository/io/opentelemetry/opentelemetry-context/1.44.1/opentelemetry-context-1.44.1.jar:/home/livde/.m2/repository/io/opentelemetry/opentelemetry-exporter-logging/1.44.1/opentelemetry-exporter-logging-1.44.1.jar:/home/livde/.m2/repository/io/opentelemetry/opentelemetry-sdk-common/1.44.1/opentelemetry-sdk-common-1.44.1.jar:/home/livde/.m2/repository/io/opentelemetry/opentelemetry-sdk-extension-autoconfigure-spi/1.44.1/opentelemetry-sdk-extension-autoconfigure-spi-1.44.1.jar:/home/livde/.m2/repository/io/opentelemetry/opentelemetry-sdk-extension-autoconfigure/1.44.1/opentelemetry-sdk-extension-autoconfigure-1.44.1.jar:/home/livde/.m2/repository/io/opentelemetry/opentelemetry-api-incubator/1.44.1-alpha/opentelemetry-api-incubator-1.44.1-alpha.jar:/home/livde/.m2/repository/io/opentelemetry/opentelemetry-sdk-trace/1.44.1/opentelemetry-sdk-trace-1.44.1.jar:/home/livde/.m2/repository/io/opentelemetry/opentelemetry-sdk/1.44.1/opentelemetry-sdk-1.44.1.jar:/home/livde/.m2/repository/io/opentelemetry/opentelemetry-sdk-metrics/1.44.1/opentelemetry-sdk-metrics-1.44.1.jar:/home/livde/.m2/repository/io/opentelemetry/opentelemetry-sdk-logs/1.44.1/opentelemetry-sdk-logs-1.44.1.jar:/home/livde/.m2/repository/net/bytebuddy/byte-buddy/1.15.10/byte-buddy-1.15.10.jar:/home/livde/.m2/repository/org/seleniumhq/selenium/selenium-os/4.27.0/selenium-os-4.27.0.jar:/home/livde/.m2/repository/org/apache/commons/commons-exec/1.4.0/commons-exec-1.4.0.jar:/home/livde/.m2/repository/org/seleniumhq/selenium/selenium-safari-driver/4.27.0/selenium-safari-driver-4.27.0.jar:/home/livde/.m2/repository/org/seleniumhq/selenium/selenium-support/4.27.0/selenium-support-4.27.0.jar:/home/livde/.m2/repository/io/cucumber/cucumber-java/7.11.2/cucumber-java-7.11.2.jar:/home/livde/.m2/repository/io/cucumber/cucumber-core/7.11.2/cucumber-core-7.11.2.jar:/home/livde/.m2/repository/io/cucumber/cucumber-gherkin/7.11.2/cucumber-gherkin-7.11.2.jar:/home/livde/.m2/repository/io/cucumber/cucumber-gherkin-messages/7.11.2/cucumber-gherkin-messages-7.11.2.jar:/home/livde/.m2/repository/io/cucumber/gherkin/26.0.3/gherkin-26.0.3.jar:/home/livde/.m2/repository/io/cucumber/messages/21.0.1/messages-21.0.1.jar:/home/livde/.m2/repository/io/cucumber/tag-expressions/5.0.1/tag-expressions-5.0.1.jar:/home/livde/.m2/repository/io/cucumber/cucumber-expressions/16.1.2/cucumber-expressions-16.1.2.jar:/home/livde/.m2/repository/io/cucumber/datatable/7.11.2/datatable-7.11.2.jar:/home/livde/.m2/repository/io/cucumber/cucumber-plugin/7.11.2/cucumber-plugin-7.11.2.jar:/home/livde/.m2/repository/io/cucumber/docstring/7.11.2/docstring-7.11.2.jar:/home/livde/.m2/repository/io/cucumber/html-formatter/20.2.1/html-formatter-20.2.1.jar:/home/livde/.m2/repository/io/cucumber/junit-xml-formatter/0.1.0/junit-xml-formatter-0.1.0.jar:/home/livde/.m2/repository/io/cucumber/ci-environment/9.1.0/ci-environment-9.1.0.jar:/home/livde/.m2/repository/org/apiguardian/apiguardian-api/1.1.2/apiguardian-api-1.1.2.jar:/home/livde/.m2/repository/io/cucumber/cucumber-junit/7.11.2/cucumber-junit-7.11.2.jar:/home/livde/.m2/repository/junit/junit/4.13.2/junit-4.13.2.jar:/home/livde/.m2/repository/org/hamcrest/hamcrest-core/1.3/hamcrest-core-1.3.jar:/home/livde/.m2/repository/com/github/javafaker/javafaker/1.0.2/javafaker-1.0.2.jar:/home/livde/.m2/repository/org/apache/commons/commons-lang3/3.5/commons-lang3-3.5.jar:/home/livde/.m2/repository/org/yaml/snakeyaml/1.23/snakeyaml-1.23-android.jar:/home/livde/.m2/repository/com/github/mifmif/generex/1.0.2/generex-1.0.2.jar:/home/livde/.m2/repository/dk/brics/automaton/automaton/1.11-8/automaton-1.11-8.jar:/home/livde/.m2/repository/io/rest-assured/rest-assured/5.3.2/rest-assured-5.3.2.jar:/home/livde/.m2/repository/org/apache/groovy/groovy/4.0.11/groovy-4.0.11.jar:/home/livde/.m2/repository/org/apache/groovy/groovy-xml/4.0.11/groovy-xml-4.0.11.jar:/home/livde/.m2/repository/org/apache/httpcomponents/httpclient/4.5.13/httpclient-4.5.13.jar:/home/livde/.m2/repository/org/apache/httpcomponents/httpcore/4.4.13/httpcore-4.4.13.jar:/home/livde/.m2/repository/commons-logging/commons-logging/1.2/commons-logging-1.2.jar:/home/livde/.m2/repository/commons-codec/commons-codec/1.11/commons-codec-1.11.jar:/home/livde/.m2/repository/org/apache/httpcomponents/httpmime/4.5.13/httpmime-4.5.13.jar:/home/livde/.m2/repository/org/hamcrest/hamcrest/2.2/hamcrest-2.2.jar:/home/livde/.m2/repository/org/ccil/cowan/tagsoup/tagsoup/1.2.1/tagsoup-1.2.1.jar:/home/livde/.m2/repository/io/rest-assured/json-path/5.3.2/json-path-5.3.2.jar:/home/livde/.m2/repository/org/apache/groovy/groovy-json/4.0.11/groovy-json-4.0.11.jar:/home/livde/.m2/repository/io/rest-assured/rest-assured-common/5.3.2/rest-assured-common-5.3.2.jar:/home/livde/.m2/repository/io/rest-assured/xml-path/5.3.2/xml-path-5.3.2.jar:/home/livde/.m2/repository/com/fasterxml/jackson/core/jackson-databind/2.16.0/jackson-databind-2.16.0.jar:/home/livde/.m2/repository/com/fasterxml/jackson/core/jackson-annotations/2.16.0/jackson-annotations-2.16.0.jar:/home/livde/.m2/repository/com/fasterxml/jackson/core/jackson-core/2.16.0/jackson-core-2.16.0.jar:/home/livde/.m2/repository/org/postgresql/postgresql/42.6.0/postgresql-42.6.0.jar:/home/livde/.m2/repository/org/checkerframework/checker-qual/3.31.0/checker-qual-3.31.0.jar:/home/livde/.m2/repository/org/seleniumhq/selenium/selenium-devtools-v130/4.27.0/selenium-devtools-v130-4.27.0.jar:/home/livde/.m2/repository/com/google/auto/service/auto-service-annotations/1.1.1/auto-service-annotations-1.1.1.jar:/home/livde/.m2/repository/org/seleniumhq/selenium/selenium-json/4.27.0/selenium-json-4.27.0.jar:/home/livde/.m2/repository/org/apache/maven/maven-core/3.9.9/maven-core-3.9.9.jar:/home/livde/.m2/repository/org/apache/maven/maven-model/3.9.9/maven-model-3.9.9.jar:/home/livde/.m2/repository/org/apache/maven/maven-settings/3.9.9/maven-settings-3.9.9.jar:/home/livde/.m2/repository/org/apache/maven/maven-settings-builder/3.9.9/maven-settings-builder-3.9.9.jar:/home/livde/.m2/repository/org/codehaus/plexus/plexus-sec-dispatcher/2.0/plexus-sec-dispatcher-2.0.jar:/home/livde/.m2/repository/org/codehaus/plexus/plexus-cipher/2.0/plexus-cipher-2.0.jar:/home/livde/.m2/repository/org/apache/maven/maven-builder-support/3.9.9/maven-builder-support-3.9.9.jar:/home/livde/.m2/repository/org/apache/maven/maven-repository-metadata/3.9.9/maven-repository-metadata-3.9.9.jar:/home/livde/.m2/repository/org/apache/maven/maven-artifact/3.9.9/maven-artifact-3.9.9.jar:/home/livde/.m2/repository/org/apache/maven/maven-plugin-api/3.9.9/maven-plugin-api-3.9.9.jar:/home/livde/.m2/repository/org/apache/maven/maven-model-builder/3.9.9/maven-model-builder-3.9.9.jar:/home/livde/.m2/repository/org/apache/maven/maven-resolver-provider/3.9.9/maven-resolver-provider-3.9.9.jar:/home/livde/.m2/repository/org/apache/maven/resolver/maven-resolver-impl/1.9.22/maven-resolver-impl-1.9.22.jar:/home/livde/.m2/repository/org/apache/maven/resolver/maven-resolver-named-locks/1.9.22/maven-resolver-named-locks-1.9.22.jar:/home/livde/.m2/repository/org/apache/maven/resolver/maven-resolver-api/1.9.22/maven-resolver-api-1.9.22.jar:/home/livde/.m2/repository/org/apache/maven/resolver/maven-resolver-spi/1.9.22/maven-resolver-spi-1.9.22.jar:/home/livde/.m2/repository/org/apache/maven/resolver/maven-resolver-util/1.9.22/maven-resolver-util-1.9.22.jar:/home/livde/.m2/repository/org/apache/maven/shared/maven-shared-utils/3.4.2/maven-shared-utils-3.4.2.jar:/home/livde/.m2/repository/org/eclipse/sisu/org.eclipse.sisu.plexus/0.9.0.M3/org.eclipse.sisu.plexus-0.9.0.M3.jar:/home/livde/.m2/repository/org/codehaus/plexus/plexus-xml/3.0.0/plexus-xml-3.0.0.jar:/home/livde/.m2/repository/org/eclipse/sisu/org.eclipse.sisu.inject/0.9.0.M3/org.eclipse.sisu.inject-0.9.0.M3.jar:/home/livde/.m2/repository/com/google/inject/guice/5.1.0/guice-5.1.0.jar:/home/livde/.m2/repository/aopalliance/aopalliance/1.0/aopalliance-1.0.jar:/home/livde/.m2/repository/com/google/guava/guava/33.2.1-jre/guava-33.2.1-jre.jar:/home/livde/.m2/repository/com/google/guava/failureaccess/1.0.2/failureaccess-1.0.2.jar:/home/livde/.m2/repository/javax/inject/javax.inject/1/javax.inject-1.jar:/home/livde/.m2/repository/org/codehaus/plexus/plexus-utils/3.5.1/plexus-utils-3.5.1.jar:/home/livde/.m2/repository/org/codehaus/plexus/plexus-classworlds/2.8.0/plexus-classworlds-2.8.0.jar:/home/livde/.m2/repository/org/codehaus/plexus/plexus-interpolation/1.27/plexus-interpolation-1.27.jar:/home/livde/.m2/repository/org/codehaus/plexus/plexus-component-annotations/2.1.0/plexus-component-annotations-2.1.0.jar:/home/livde/.m2/repository/org/slf4j/slf4j-api/1.7.36/slf4j-api-1.7.36.jar:"/>
    <property name="java.vm.vendor" value="Ubuntu"/>
    <property name="sun.arch.data.model" value="64"/>
    <property name="java.vendor.url" value="https://ubuntu.com/"/>
    <property name="user.timezone" value="Europe/Istanbul"/>
    <property name="os.name" value="Linux"/>
    <property name="java.vm.specification.version" value="17"/>
    <property name="sun.java.launcher" value="SUN_STANDARD"/>
    <property name="user.country" value="US"/>
    <property name="sun.boot.library.path" value="/usr/lib/jvm/java-17-openjdk-amd64/lib"/>
    <property name="sun.java.command" value="/home/livde/IdeaProjects/Bilira/target/surefire/surefirebooter-20241212233455189_3.jar /home/livde/IdeaProjects/Bilira/target/surefire 2024-12-12T23-34-55_026-jvmRun1 surefire-20241212233455189_1tmp surefire_0-20241212233455189_2tmp"/>
    <property name="jdk.debug" value="release"/>
    <property name="surefire.test.class.path" value="/home/livde/IdeaProjects/Bilira/target/test-classes:/home/livde/IdeaProjects/Bilira/target/classes:/home/livde/.m2/repository/org/seleniumhq/selenium/selenium-java/4.27.0/selenium-java-4.27.0.jar:/home/livde/.m2/repository/org/seleniumhq/selenium/selenium-api/4.27.0/selenium-api-4.27.0.jar:/home/livde/.m2/repository/org/jspecify/jspecify/1.0.0/jspecify-1.0.0.jar:/home/livde/.m2/repository/org/seleniumhq/selenium/selenium-chrome-driver/4.27.0/selenium-chrome-driver-4.27.0.jar:/home/livde/.m2/repository/org/seleniumhq/selenium/selenium-chromium-driver/4.27.0/selenium-chromium-driver-4.27.0.jar:/home/livde/.m2/repository/org/seleniumhq/selenium/selenium-manager/4.27.0/selenium-manager-4.27.0.jar:/home/livde/.m2/repository/org/seleniumhq/selenium/selenium-devtools-v129/4.27.0/selenium-devtools-v129-4.27.0.jar:/home/livde/.m2/repository/org/seleniumhq/selenium/selenium-devtools-v131/4.27.0/selenium-devtools-v131-4.27.0.jar:/home/livde/.m2/repository/org/seleniumhq/selenium/selenium-devtools-v85/4.27.0/selenium-devtools-v85-4.27.0.jar:/home/livde/.m2/repository/org/seleniumhq/selenium/selenium-edge-driver/4.27.0/selenium-edge-driver-4.27.0.jar:/home/livde/.m2/repository/org/seleniumhq/selenium/selenium-firefox-driver/4.27.0/selenium-firefox-driver-4.27.0.jar:/home/livde/.m2/repository/org/seleniumhq/selenium/selenium-http/4.27.0/selenium-http-4.27.0.jar:/home/livde/.m2/repository/dev/failsafe/failsafe/3.3.2/failsafe-3.3.2.jar:/home/livde/.m2/repository/org/seleniumhq/selenium/selenium-ie-driver/4.27.0/selenium-ie-driver-4.27.0.jar:/home/livde/.m2/repository/org/seleniumhq/selenium/selenium-remote-driver/4.27.0/selenium-remote-driver-4.27.0.jar:/home/livde/.m2/repository/io/opentelemetry/semconv/opentelemetry-semconv/1.25.0-alpha/opentelemetry-semconv-1.25.0-alpha.jar:/home/livde/.m2/repository/io/opentelemetry/opentelemetry-api/1.44.1/opentelemetry-api-1.44.1.jar:/home/livde/.m2/repository/io/opentelemetry/opentelemetry-context/1.44.1/opentelemetry-context-1.44.1.jar:/home/livde/.m2/repository/io/opentelemetry/opentelemetry-exporter-logging/1.44.1/opentelemetry-exporter-logging-1.44.1.jar:/home/livde/.m2/repository/io/opentelemetry/opentelemetry-sdk-common/1.44.1/opentelemetry-sdk-common-1.44.1.jar:/home/livde/.m2/repository/io/opentelemetry/opentelemetry-sdk-extension-autoconfigure-spi/1.44.1/opentelemetry-sdk-extension-autoconfigure-spi-1.44.1.jar:/home/livde/.m2/repository/io/opentelemetry/opentelemetry-sdk-extension-autoconfigure/1.44.1/opentelemetry-sdk-extension-autoconfigure-1.44.1.jar:/home/livde/.m2/repository/io/opentelemetry/opentelemetry-api-incubator/1.44.1-alpha/opentelemetry-api-incubator-1.44.1-alpha.jar:/home/livde/.m2/repository/io/opentelemetry/opentelemetry-sdk-trace/1.44.1/opentelemetry-sdk-trace-1.44.1.jar:/home/livde/.m2/repository/io/opentelemetry/opentelemetry-sdk/1.44.1/opentelemetry-sdk-1.44.1.jar:/home/livde/.m2/repository/io/opentelemetry/opentelemetry-sdk-metrics/1.44.1/opentelemetry-sdk-metrics-1.44.1.jar:/home/livde/.m2/repository/io/opentelemetry/opentelemetry-sdk-logs/1.44.1/opentelemetry-sdk-logs-1.44.1.jar:/home/livde/.m2/repository/net/bytebuddy/byte-buddy/1.15.10/byte-buddy-1.15.10.jar:/home/livde/.m2/repository/org/seleniumhq/selenium/selenium-os/4.27.0/selenium-os-4.27.0.jar:/home/livde/.m2/repository/org/apache/commons/commons-exec/1.4.0/commons-exec-1.4.0.jar:/home/livde/.m2/repository/org/seleniumhq/selenium/selenium-safari-driver/4.27.0/selenium-safari-driver-4.27.0.jar:/home/livde/.m2/repository/org/seleniumhq/selenium/selenium-support/4.27.0/selenium-support-4.27.0.jar:/home/livde/.m2/repository/io/cucumber/cucumber-java/7.11.2/cucumber-java-7.11.2.jar:/home/livde/.m2/repository/io/cucumber/cucumber-core/7.11.2/cucumber-core-7.11.2.jar:/home/livde/.m2/repository/io/cucumber/cucumber-gherkin/7.11.2/cucumber-gherkin-7.11.2.jar:/home/livde/.m2/repository/io/cucumber/cucumber-gherkin-messages/7.11.2/cucumber-gherkin-messages-7.11.2.jar:/home/livde/.m2/repository/io/cucumber/gherkin/26.0.3/gherkin-26.0.3.jar:/home/livde/.m2/repository/io/cucumber/messages/21.0.1/messages-21.0.1.jar:/home/livde/.m2/repository/io/cucumber/tag-expressions/5.0.1/tag-expressions-5.0.1.jar:/home/livde/.m2/repository/io/cucumber/cucumber-expressions/16.1.2/cucumber-expressions-16.1.2.jar:/home/livde/.m2/repository/io/cucumber/datatable/7.11.2/datatable-7.11.2.jar:/home/livde/.m2/repository/io/cucumber/cucumber-plugin/7.11.2/cucumber-plugin-7.11.2.jar:/home/livde/.m2/repository/io/cucumber/docstring/7.11.2/docstring-7.11.2.jar:/home/livde/.m2/repository/io/cucumber/html-formatter/20.2.1/html-formatter-20.2.1.jar:/home/livde/.m2/repository/io/cucumber/junit-xml-formatter/0.1.0/junit-xml-formatter-0.1.0.jar:/home/livde/.m2/repository/io/cucumber/ci-environment/9.1.0/ci-environment-9.1.0.jar:/home/livde/.m2/repository/org/apiguardian/apiguardian-api/1.1.2/apiguardian-api-1.1.2.jar:/home/livde/.m2/repository/io/cucumber/cucumber-junit/7.11.2/cucumber-junit-7.11.2.jar:/home/livde/.m2/repository/junit/junit/4.13.2/junit-4.13.2.jar:/home/livde/.m2/repository/org/hamcrest/hamcrest-core/1.3/hamcrest-core-1.3.jar:/home/livde/.m2/repository/com/github/javafaker/javafaker/1.0.2/javafaker-1.0.2.jar:/home/livde/.m2/repository/org/apache/commons/commons-lang3/3.5/commons-lang3-3.5.jar:/home/livde/.m2/repository/org/yaml/snakeyaml/1.23/snakeyaml-1.23-android.jar:/home/livde/.m2/repository/com/github/mifmif/generex/1.0.2/generex-1.0.2.jar:/home/livde/.m2/repository/dk/brics/automaton/automaton/1.11-8/automaton-1.11-8.jar:/home/livde/.m2/repository/io/rest-assured/rest-assured/5.3.2/rest-assured-5.3.2.jar:/home/livde/.m2/repository/org/apache/groovy/groovy/4.0.11/groovy-4.0.11.jar:/home/livde/.m2/repository/org/apache/groovy/groovy-xml/4.0.11/groovy-xml-4.0.11.jar:/home/livde/.m2/repository/org/apache/httpcomponents/httpclient/4.5.13/httpclient-4.5.13.jar:/home/livde/.m2/repository/org/apache/httpcomponents/httpcore/4.4.13/httpcore-4.4.13.jar:/home/livde/.m2/repository/commons-logging/commons-logging/1.2/commons-logging-1.2.jar:/home/livde/.m2/repository/commons-codec/commons-codec/1.11/commons-codec-1.11.jar:/home/livde/.m2/repository/org/apache/httpcomponents/httpmime/4.5.13/httpmime-4.5.13.jar:/home/livde/.m2/repository/org/hamcrest/hamcrest/2.2/hamcrest-2.2.jar:/home/livde/.m2/repository/org/ccil/cowan/tagsoup/tagsoup/1.2.1/tagsoup-1.2.1.jar:/home/livde/.m2/repository/io/rest-assured/json-path/5.3.2/json-path-5.3.2.jar:/home/livde/.m2/repository/org/apache/groovy/groovy-json/4.0.11/groovy-json-4.0.11.jar:/home/livde/.m2/repository/io/rest-assured/rest-assured-common/5.3.2/rest-assured-common-5.3.2.jar:/home/livde/.m2/repository/io/rest-assured/xml-path/5.3.2/xml-path-5.3.2.jar:/home/livde/.m2/repository/com/fasterxml/jackson/core/jackson-databind/2.16.0/jackson-databind-2.16.0.jar:/home/livde/.m2/repository/com/fasterxml/jackson/core/jackson-annotations/2.16.0/jackson-annotations-2.16.0.jar:/home/livde/.m2/repository/com/fasterxml/jackson/core/jackson-core/2.16.0/jackson-core-2.16.0.jar:/home/livde/.m2/repository/org/postgresql/postgresql/42.6.0/postgresql-42.6.0.jar:/home/livde/.m2/repository/org/checkerframework/checker-qual/3.31.0/checker-qual-3.31.0.jar:/home/livde/.m2/repository/org/seleniumhq/selenium/selenium-devtools-v130/4.27.0/selenium-devtools-v130-4.27.0.jar:/home/livde/.m2/repository/com/google/auto/service/auto-service-annotations/1.1.1/auto-service-annotations-1.1.1.jar:/home/livde/.m2/repository/org/seleniumhq/selenium/selenium-json/4.27.0/selenium-json-4.27.0.jar:/home/livde/.m2/repository/org/apache/maven/maven-core/3.9.9/maven-core-3.9.9.jar:/home/livde/.m2/repository/org/apache/maven/maven-model/3.9.9/maven-model-3.9.9.jar:/home/livde/.m2/repository/org/apache/maven/maven-settings/3.9.9/maven-settings-3.9.9.jar:/home/livde/.m2/repository/org/apache/maven/maven-settings-builder/3.9.9/maven-settings-builder-3.9.9.jar:/home/livde/.m2/repository/org/codehaus/plexus/plexus-sec-dispatcher/2.0/plexus-sec-dispatcher-2.0.jar:/home/livde/.m2/repository/org/codehaus/plexus/plexus-cipher/2.0/plexus-cipher-2.0.jar:/home/livde/.m2/repository/org/apache/maven/maven-builder-support/3.9.9/maven-builder-support-3.9.9.jar:/home/livde/.m2/repository/org/apache/maven/maven-repository-metadata/3.9.9/maven-repository-metadata-3.9.9.jar:/home/livde/.m2/repository/org/apache/maven/maven-artifact/3.9.9/maven-artifact-3.9.9.jar:/home/livde/.m2/repository/org/apache/maven/maven-plugin-api/3.9.9/maven-plugin-api-3.9.9.jar:/home/livde/.m2/repository/org/apache/maven/maven-model-builder/3.9.9/maven-model-builder-3.9.9.jar:/home/livde/.m2/repository/org/apache/maven/maven-resolver-provider/3.9.9/maven-resolver-provider-3.9.9.jar:/home/livde/.m2/repository/org/apache/maven/resolver/maven-resolver-impl/1.9.22/maven-resolver-impl-1.9.22.jar:/home/livde/.m2/repository/org/apache/maven/resolver/maven-resolver-named-locks/1.9.22/maven-resolver-named-locks-1.9.22.jar:/home/livde/.m2/repository/org/apache/maven/resolver/maven-resolver-api/1.9.22/maven-resolver-api-1.9.22.jar:/home/livde/.m2/repository/org/apache/maven/resolver/maven-resolver-spi/1.9.22/maven-resolver-spi-1.9.22.jar:/home/livde/.m2/repository/org/apache/maven/resolver/maven-resolver-util/1.9.22/maven-resolver-util-1.9.22.jar:/home/livde/.m2/repository/org/apache/maven/shared/maven-shared-utils/3.4.2/maven-shared-utils-3.4.2.jar:/home/livde/.m2/repository/org/eclipse/sisu/org.eclipse.sisu.plexus/0.9.0.M3/org.eclipse.sisu.plexus-0.9.0.M3.jar:/home/livde/.m2/repository/org/codehaus/plexus/plexus-xml/3.0.0/plexus-xml-3.0.0.jar:/home/livde/.m2/repository/org/eclipse/sisu/org.eclipse.sisu.inject/0.9.0.M3/org.eclipse.sisu.inject-0.9.0.M3.jar:/home/livde/.m2/repository/com/google/inject/guice/5.1.0/guice-5.1.0.jar:/home/livde/.m2/repository/aopalliance/aopalliance/1.0/aopalliance-1.0.jar:/home/livde/.m2/repository/com/google/guava/guava/33.2.1-jre/guava-33.2.1-jre.jar:/home/livde/.m2/repository/com/google/guava/failureaccess/1.0.2/failureaccess-1.0.2.jar:/home/livde/.m2/repository/javax/inject/javax.inject/1/javax.inject-1.jar:/home/livde/.m2/repository/org/codehaus/plexus/plexus-utils/3.5.1/plexus-utils-3.5.1.jar:/home/livde/.m2/repository/org/codehaus/plexus/plexus-classworlds/2.8.0/plexus-classworlds-2.8.0.jar:/home/livde/.m2/repository/org/codehaus/plexus/plexus-interpolation/1.27/plexus-interpolation-1.27.jar:/home/livde/.m2/repository/org/codehaus/plexus/plexus-component-annotations/2.1.0/plexus-component-annotations-2.1.0.jar:/home/livde/.m2/repository/org/slf4j/slf4j-api/1.7.36/slf4j-api-1.7.36.jar:"/>
    <property name="sun.cpu.endian" value="little"/>
    <property name="user.home" value="/home/livde"/>
    <property name="user.language" value="en"/>
    <property name="java.specification.vendor" value="Oracle Corporation"/>
    <property name="java.version.date" value="2024-10-15"/>
    <property name="java.home" value="/usr/lib/jvm/java-17-openjdk-amd64"/>
    <property name="file.separator" value="/"/>
    <property name="basedir" value="/home/livde/IdeaProjects/Bilira"/>
    <property name="java.vm.compressedOopsMode" value="Zero based"/>
    <property name="line.separator" value="&#10;"/>
    <property name="java.vm.specification.vendor" value="Oracle Corporation"/>
    <property name="java.specification.name" value="Java Platform API Specification"/>
    <property name="surefire.real.class.path" value="/home/livde/IdeaProjects/Bilira/target/surefire/surefirebooter-20241212233455189_3.jar"/>
    <property name="sun.management.compiler" value="HotSpot 64-Bit Tiered Compilers"/>
    <property name="java.runtime.version" value="17.0.13+11-Ubuntu-2ubuntu124.04"/>
    <property name="user.name" value="livde"/>
    <property name="path.separator" value=":"/>
    <property name="os.version" value="6.8.0-49-generic"/>
    <property name="java.runtime.name" value="OpenJDK Runtime Environment"/>
    <property name="file.encoding" value="UTF-8"/>
    <property name="java.vm.name" value="OpenJDK 64-Bit Server VM"/>
    <property name="localRepository" value="/home/livde/.m2/repository"/>
    <property name="java.vendor.url.bug" value="https://bugs.launchpad.net/ubuntu/+source/openjdk-17"/>
    <property name="java.io.tmpdir" value="/tmp"/>
    <property name="java.version" value="17.0.13"/>
    <property name="user.dir" value="/home/livde/IdeaProjects/Bilira"/>
    <property name="os.arch" value="amd64"/>
    <property name="java.vm.specification.name" value="Java Virtual Machine Specification"/>
    <property name="native.encoding" value="UTF-8"/>
    <property name="java.library.path" value="/usr/java/packages/lib:/usr/lib/x86_64-linux-gnu/jni:/lib/x86_64-linux-gnu:/usr/lib/x86_64-linux-gnu:/usr/lib/jni:/lib:/usr/lib"/>
    <property name="java.vm.info" value="mixed mode, sharing"/>
    <property name="java.vendor" value="Ubuntu"/>
    <property name="java.vm.version" value="17.0.13+11-Ubuntu-2ubuntu124.04"/>
    <property name="java.specification.maintenance.version" value="1"/>
    <property name="sun.io.unicode.encoding" value="UnicodeLittle"/>
    <property name="java.class.version" value="61.0"/>
  </properties>
  <testcase name="Swap of USDT to BTC" classname="Validate that a swap of USDT to BTC is executed successfully, with real-time rates displayed before confirmation" time="47.249">
    <failure message="expected:&lt;1.0000690047613285&gt; but was:&lt;0.001000069&gt;" type="java.lang.AssertionError"><![CDATA[java.lang.AssertionError: expected:<1.0000690047613285> but was:<0.001000069>
	at org.junit.Assert.fail(Assert.java:89)
	at org.junit.Assert.failNotEquals(Assert.java:835)
	at org.junit.Assert.assertEquals(Assert.java:555)
	at org.junit.Assert.assertEquals(Assert.java:685)
	at bilira.step_definitions.Swap_StepDefinitions.theUserValidatesTheValueOfTheApproximateAmountTheyWantToSwapUsingTheApproximatePriceInformationDisplayedOnTheUi(Swap_StepDefinitions.java:186)
	at ✽.The user validates the value of the approximate amount they want to swap using the approximate price information displayed on the ui(file:///home/livde/IdeaProjects/Bilira/src/test/resources/Swap_100_USDT_to_BTC.feature:22)
]]></failure>
    <system-out><![CDATA[
@swap
Scenario: Swap of USDT to BTC                                                                                                              &amp#27;[90m# src/test/resources/Swap_100_USDT_to_BTC.feature:3&amp#27;[0m
  &amp#27;[32mGiven &amp#27;[0m&amp#27;[32mThe user goes to the url.&amp#27;[0m                                                                                                          &amp#27;[90m# bilira.step_definitions.Swap_StepDefinitions.theUserGoesToTheUrl()&amp#27;[0m
  &amp#27;[32mWhen &amp#27;[0m&amp#27;[32mThe user accepts the cookie on the page.&amp#27;[0m                                                                                            &amp#27;[90m# bilira.step_definitions.Swap_StepDefinitions.theUserAcceptsTheCookieOnThePage()&amp#27;[0m
  &amp#27;[32mAnd &amp#27;[0m&amp#27;[32mUser clicks the login button&amp#27;[0m                                                                                                         &amp#27;[90m# bilira.step_definitions.Swap_StepDefinitions.userClicksTheLoginButton()&amp#27;[0m
  &amp#27;[32mAnd &amp#27;[0m&amp#27;[32mThe user enters the e-mail address registered in the system.&amp#27;[0m                                                                         &amp#27;[90m# bilira.step_definitions.Swap_StepDefinitions.theUserEntersTheEMailAddressRegisteredInTheSystem()&amp#27;[0m
  &amp#27;[32mAnd &amp#27;[0m&amp#27;[32mThe user enters the password registered in the system.&amp#27;[0m                                                                               &amp#27;[90m# bilira.step_definitions.Swap_StepDefinitions.theUserEntersThePasswordRegisteredInTheSystem()&amp#27;[0m
  &amp#27;[32mAnd &amp#27;[0m&amp#27;[32mThe user clicks the login button.&amp#27;[0m                                                                                                    &amp#27;[90m# bilira.step_definitions.Swap_StepDefinitions.theUserClicksTheLoginButton()&amp#27;[0m
  &amp#27;[32mAnd &amp#27;[0m&amp#27;[32mUser enters sms verification code&amp#27;[0m                                                                                                    &amp#27;[90m# bilira.step_definitions.Swap_StepDefinitions.userEntersSmsVerificationCode()&amp#27;[0m
  &amp#27;[32mAnd &amp#27;[0m&amp#27;[32mClicks the Send button&amp#27;[0m                                                                                                               &amp#27;[90m# bilira.step_definitions.Swap_StepDefinitions.clicksTheSendButton()&amp#27;[0m
  &amp#27;[32mAnd &amp#27;[0m&amp#27;[32mUser clicks on the search transaction pair box on the opened page&amp#27;[0m                                                                    &amp#27;[90m# bilira.step_definitions.Swap_StepDefinitions.userClicksOnTheSearchTransactionPairBoxOnTheOpenedPage()&amp#27;[0m
  &amp#27;[32mAnd &amp#27;[0m&amp#27;[32mType the cryptocurrency to swap into the search box&amp#27;[0m                                                                                  &amp#27;[90m# bilira.step_definitions.Swap_StepDefinitions.typeTheCryptocurrencyToSwapIntoTheSearchBox()&amp#27;[0m
  &amp#27;[32mAnd &amp#27;[0m&amp#27;[32mThe user clicks on the cryptocurrency to trade.&amp#27;[0m                                                                                      &amp#27;[90m# bilira.step_definitions.Swap_StepDefinitions.theUserClicksOnTheCryptocurrencyToTrade()&amp#27;[0m
  &amp#27;[32mAnd &amp#27;[0m&amp#27;[32mThe user clicks on the dropdown in the swap section of the cryptocurrency detail page.&amp#27;[0m                                               &amp#27;[90m# bilira.step_definitions.Swap_StepDefinitions.theUserClicksOnTheDropdownInTheSwapSectionOfTheCryptocurrencyDetailPage()&amp#27;[0m
  &amp#27;[32mAnd &amp#27;[0m&amp#27;[32mThe user selects USDT from the box at the top of the cryptocurrency list&amp#27;[0m                                                             &amp#27;[90m# bilira.step_definitions.Swap_StepDefinitions.theUserSelectsUSDTFromTheBoxAtTheTopOfTheCryptocurrencyList()&amp#27;[0m
  &amp#27;[32mAnd &amp#27;[0m&amp#27;[32mUser types BTC in the asset search box&amp#27;[0m                                                                                               &amp#27;[90m# bilira.step_definitions.Swap_StepDefinitions.userTypesBTCInTheAssetSearchBox()&amp#27;[0m
  &amp#27;[32mAnd &amp#27;[0m&amp#27;[32mUser clicks on BTC-USTD swap in the incoming table&amp#27;[0m                                                                                   &amp#27;[90m# bilira.step_definitions.Swap_StepDefinitions.userClicksOnBTCUSTDSwapInTheIncomingTable()&amp#27;[0m
  &amp#27;[32mThen &amp#27;[0m&amp#27;[32mThe user verifies that the trading pairs to be swapped are BTC-USDT&amp#27;[0m                                                                 &amp#27;[90m# bilira.step_definitions.Swap_StepDefinitions.theUserVerifiesThatTheTradingPairsToBeSwappedAreBTCUSDT()&amp#27;[0m
  &amp#27;[32mWhen &amp#27;[0m&amp#27;[32mThe user enters the amount of money they want to exchange into the calculator&amp#27;[0m                                                       &amp#27;[90m# bilira.step_definitions.Swap_StepDefinitions.theUserEntersTheAmountOfMoneyTheyWantToExchangeIntoTheCalculator()&amp#27;[0m
  &amp#27;[32mThen &amp#27;[0m&amp#27;[32mThe user verifies that the amount entered in the calculator is displayed&amp#27;[0m                                                            &amp#27;[90m# bilira.step_definitions.Swap_StepDefinitions.theUserVerifiesThatTheAmountEnteredInTheCalculatorIsDisplayed()&amp#27;[0m
BTC/USDT Value: 99.9931
approximateAmaunt = 1.0000690047613285
Yaklaşık Değer (UI): 0.001000069
  &amp#27;[31mAnd &amp#27;[0m&amp#27;[31mThe user validates the value of the approximate amount they want to swap using the approximate price information displayed on the ui&amp#27;[0m &amp#27;[90m# bilira.step_definitions.Swap_StepDefinitions.theUserValidatesTheValueOfTheApproximateAmountTheyWantToSwapUsingTheApproximatePriceInformationDisplayedOnTheUi()&amp#27;[0m
      &amp#27;[31mjava.lang.AssertionError: expected:<1.0000690047613285> but was:<0.001000069>
	at org.junit.Assert.fail(Assert.java:89)
	at org.junit.Assert.failNotEquals(Assert.java:835)
	at org.junit.Assert.assertEquals(Assert.java:555)
	at org.junit.Assert.assertEquals(Assert.java:685)
	at bilira.step_definitions.Swap_StepDefinitions.theUserValidatesTheValueOfTheApproximateAmountTheyWantToSwapUsingTheApproximatePriceInformationDisplayedOnTheUi(Swap_StepDefinitions.java:186)
	at ✽.The user validates the value of the approximate amount they want to swap using the approximate price information displayed on the ui(file:///home/livde/IdeaProjects/Bilira/src/test/resources/Swap_100_USDT_to_BTC.feature:22)
&amp#27;[0m
  &amp#27;[36mThen &amp#27;[0m&amp#27;[36mUser confirms that the buy text is clickable&amp#27;[0m                                                                                        &amp#27;[90m# bilira.step_definitions.Swap_StepDefinitions.userConfirmsThatTheBuyTextIsClickable()&amp#27;[0m

    Embedding Failure Screenshot [image/png 196882 bytes]

]]></system-out>
  </testcase>
</testsuite>